<?xml version="1.0" encoding="UTF-8"?>
<!-- Generated by org.testng.reporters.JUnitReportReporter -->
<testsuite hostname="DESKTOP-TJ32CGS" name="Academy.Cropdetailspage" tests="1" failures="0" timestamp="3 Dec 2020 04:44:20 GMT" time="65.786" errors="0">
  <testcase name="cropdetails" time="65.786" classname="Academy.Cropdetailspage"/>
</testsuite> <!-- Academy.Cropdetailspage -->
