<?xml version="1.0" encoding="UTF-8"?>
<!-- Generated by org.testng.reporters.JUnitReportReporter -->
<testsuite hostname="DESKTOP-TJ32CGS" name="Academy.Farmuserotplogspage" tests="1" failures="0" timestamp="3 Dec 2020 04:44:20 GMT" time="85.517" errors="0">
  <testcase name="farmuserotplogs" time="85.517" classname="Academy.Farmuserotplogspage"/>
</testsuite> <!-- Academy.Farmuserotplogspage -->
