<?xml version="1.0" encoding="UTF-8"?>
<!-- Generated by org.testng.reporters.JUnitReportReporter -->
<testsuite hostname="DESKTOP-TJ32CGS" name="Academy.Marketpricespage" tests="1" failures="0" timestamp="3 Dec 2020 04:44:20 GMT" time="80.998" errors="0">
  <testcase name="marketprices" time="80.998" classname="Academy.Marketpricespage"/>
</testsuite> <!-- Academy.Marketpricespage -->
