<?xml version="1.0" encoding="UTF-8"?>
<!-- Generated by org.testng.reporters.JUnitReportReporter -->
<testsuite hostname="DESKTOP-TJ32CGS" name="Academy.Imagespage" tests="1" failures="0" timestamp="3 Dec 2020 04:44:20 GMT" time="55.315" errors="0">
  <testcase name="images" time="55.315" classname="Academy.Imagespage"/>
</testsuite> <!-- Academy.Imagespage -->
