<?xml version="1.0" encoding="UTF-8"?>
<!-- Generated by org.testng.reporters.JUnitReportReporter -->
<testsuite hostname="DESKTOP-TJ32CGS" name="Academy.Farmuserspage" tests="1" failures="0" timestamp="3 Dec 2020 04:44:20 GMT" time="84.084" errors="0">
  <testcase name="farmusers" time="84.084" classname="Academy.Farmuserspage"/>
</testsuite> <!-- Academy.Farmuserspage -->
