<?xml version="1.0" encoding="UTF-8"?>
<!-- Generated by org.testng.reporters.JUnitReportReporter -->
<testsuite hostname="DESKTOP-TJ32CGS" name="Academy.Curativepestmanagementpage" tests="1" failures="0" timestamp="3 Dec 2020 04:44:20 GMT" time="60.960" errors="0">
  <testcase name="curativepestmanagement" time="60.960" classname="Academy.Curativepestmanagementpage"/>
</testsuite> <!-- Academy.Curativepestmanagementpage -->
