<?xml version="1.0" encoding="UTF-8"?>
<!-- Generated by org.testng.reporters.JUnitReportReporter -->
<testsuite hostname="DESKTOP-TJ32CGS" name="Academy.Withoutsigninpage" tests="1" failures="0" timestamp="3 Dec 2020 04:44:20 GMT" time="6.118" errors="0">
  <testcase name="withoutsignin" time="6.118" classname="Academy.Withoutsigninpage"/>
</testsuite> <!-- Academy.Withoutsigninpage -->
