<?xml version="1.0" encoding="UTF-8"?>
<!-- Generated by org.testng.reporters.JUnitReportReporter -->
<testsuite hostname="DESKTOP-TJ32CGS" name="Academy.Personalprofilepage" tests="1" failures="0" timestamp="3 Dec 2020 04:44:20 GMT" time="55.851" errors="0">
  <testcase name="personalprofile" time="55.851" classname="Academy.Personalprofilepage"/>
</testsuite> <!-- Academy.Personalprofilepage -->
