<?xml version="1.0" encoding="UTF-8"?>
<!-- Generated by org.testng.reporters.JUnitReportReporter -->
<testsuite hostname="DESKTOP-TJ32CGS" name="Academy.SignInPage" tests="1" failures="0" timestamp="24 Nov 2020 06:23:26 GMT" time="5.737" errors="0">
  <testcase name="withoutsignin" time="5.737" classname="Academy.SignInPage"/>
</testsuite> <!-- Academy.SignInPage -->
