<?xml version="1.0" encoding="UTF-8"?>
<!-- Generated by org.testng.reporters.JUnitReportReporter -->
<testsuite hostname="DESKTOP-TJ32CGS" name="Academy.Usermanagementpage" tests="1" failures="0" timestamp="3 Dec 2020 04:44:20 GMT" time="103.292" errors="0">
  <testcase name="usermanagement" time="103.292" classname="Academy.Usermanagementpage"/>
</testsuite> <!-- Academy.Usermanagementpage -->
