<?xml version="1.0" encoding="UTF-8"?>
<!-- Generated by org.testng.reporters.JUnitReportReporter -->
<testsuite hostname="DESKTOP-TJ32CGS" name="Academy.Diseasemanagementpage" tests="1" failures="0" timestamp="3 Dec 2020 04:44:20 GMT" time="67.652" errors="0">
  <testcase name="diseasemanagement" time="67.652" classname="Academy.Diseasemanagementpage"/>
</testsuite> <!-- Academy.Diseasemanagementpage -->
