<?xml version="1.0" encoding="UTF-8"?>
<!-- Generated by org.testng.reporters.JUnitReportReporter -->
<testsuite hostname="DESKTOP-TJ32CGS" name="Academy.Dashboardpage" tests="1" failures="0" timestamp="3 Dec 2020 04:44:20 GMT" time="42.986" errors="0">
  <testcase name="dashboard" time="42.986" classname="Academy.Dashboardpage"/>
</testsuite> <!-- Academy.Dashboardpage -->
